<?xml version="1.0" encoding="UTF-8"?>
<testng-results ignored="0" total="1" passed="1" failed="0" skipped="0">
  <reporter-output>
  </reporter-output>
  <suite started-at="2024-05-13T15:30:29 EEST" name="Default suite" finished-at="2024-05-13T15:30:34 EEST" duration-ms="5010">
    <groups>
    </groups>
    <test started-at="2024-05-13T15:30:29 EEST" name="Default test" finished-at="2024-05-13T15:30:34 EEST" duration-ms="5010">
      <class name="tests.test">
        <test-method is-config="true" signature="setUp()[pri:0, instance:tests.test@188715b5]" started-at="2024-05-13T15:30:29 EEST" name="setUp" finished-at="2024-05-13T15:30:31 EEST" duration-ms="1841" status="PASS">
          <reporter-output>
          </reporter-output>
        </test-method> <!-- setUp -->
        <test-method signature="searchTest()[pri:0, instance:tests.test@188715b5]" started-at="2024-05-13T15:30:31 EEST" name="searchTest" finished-at="2024-05-13T15:30:33 EEST" duration-ms="2483" status="PASS">
          <reporter-output>
          </reporter-output>
        </test-method> <!-- searchTest -->
        <test-method is-config="true" signature="close()[pri:0, instance:tests.test@188715b5]" started-at="2024-05-13T15:30:33 EEST" name="close" finished-at="2024-05-13T15:30:34 EEST" duration-ms="652" status="PASS">
          <reporter-output>
          </reporter-output>
        </test-method> <!-- close -->
      </class> <!-- tests.test -->
    </test> <!-- Default test -->
  </suite> <!-- Default suite -->
</testng-results>
